Performing C++ SOURCE FILE Test CMAKE_HAVE_LIBC_PTHREAD failed with the following output:
Change Dir: /home/ansorosa/Desktop/CODE_REPOSITORIO/ERL_Stage_1_Framework_42/build/CMakeFiles/CMakeTmp

Run Build Command(s):/usr/bin/make -f Makefile cmTC_87a75/fast && /usr/bin/make  -f CMakeFiles/cmTC_87a75.dir/build.make CMakeFiles/cmTC_87a75.dir/build
make[1]: Entering directory '/home/ansorosa/Desktop/CODE_REPOSITORIO/ERL_Stage_1_Framework_42/build/CMakeFiles/CMakeTmp'
Building CXX object CMakeFiles/cmTC_87a75.dir/src.cxx.o
/usr/bin/c++ -DCMAKE_HAVE_LIBC_PTHREAD  -g -march=armv8-a -mno-outline-atomics  -std=gnu++2a -o CMakeFiles/cmTC_87a75.dir/src.cxx.o -c /home/ansorosa/Desktop/CODE_REPOSITORIO/ERL_Stage_1_Framework_42/build/CMakeFiles/CMakeTmp/src.cxx
Linking CXX executable cmTC_87a75
/usr/local/bin/cmake -E cmake_link_script CMakeFiles/cmTC_87a75.dir/link.txt --verbose=1
/usr/bin/c++  -g -march=armv8-a -mno-outline-atomics  CMakeFiles/cmTC_87a75.dir/src.cxx.o -o cmTC_87a75 
CMakeFiles/cmTC_87a75.dir/src.cxx.o: In function `main':
/home/ansorosa/Desktop/CODE_REPOSITORIO/ERL_Stage_1_Framework_42/build/CMakeFiles/CMakeTmp/src.cxx:11: undefined reference to `pthread_create'
/home/ansorosa/Desktop/CODE_REPOSITORIO/ERL_Stage_1_Framework_42/build/CMakeFiles/CMakeTmp/src.cxx:12: undefined reference to `pthread_detach'
/home/ansorosa/Desktop/CODE_REPOSITORIO/ERL_Stage_1_Framework_42/build/CMakeFiles/CMakeTmp/src.cxx:13: undefined reference to `pthread_cancel'
/home/ansorosa/Desktop/CODE_REPOSITORIO/ERL_Stage_1_Framework_42/build/CMakeFiles/CMakeTmp/src.cxx:14: undefined reference to `pthread_join'
/home/ansorosa/Desktop/CODE_REPOSITORIO/ERL_Stage_1_Framework_42/build/CMakeFiles/CMakeTmp/src.cxx:15: undefined reference to `pthread_atfork'
collect2: error: ld returned 1 exit status
CMakeFiles/cmTC_87a75.dir/build.make:98: recipe for target 'cmTC_87a75' failed
make[1]: *** [cmTC_87a75] Error 1
make[1]: Leaving directory '/home/ansorosa/Desktop/CODE_REPOSITORIO/ERL_Stage_1_Framework_42/build/CMakeFiles/CMakeTmp'
Makefile:127: recipe for target 'cmTC_87a75/fast' failed
make: *** [cmTC_87a75/fast] Error 2


Source file was:
#include <pthread.h>

static void* test_func(void* data)
{
  return data;
}

int main(void)
{
  pthread_t thread;
  pthread_create(&thread, NULL, test_func, NULL);
  pthread_detach(thread);
  pthread_cancel(thread);
  pthread_join(thread, NULL);
  pthread_atfork(NULL, NULL, NULL);
  pthread_exit(NULL);

  return 0;
}

Determining if the function pthread_create exists in the pthreads failed with the following output:
Change Dir: /home/ansorosa/Desktop/CODE_REPOSITORIO/ERL_Stage_1_Framework_42/build/CMakeFiles/CMakeTmp

Run Build Command(s):/usr/bin/make -f Makefile cmTC_d3c09/fast && /usr/bin/make  -f CMakeFiles/cmTC_d3c09.dir/build.make CMakeFiles/cmTC_d3c09.dir/build
make[1]: Entering directory '/home/ansorosa/Desktop/CODE_REPOSITORIO/ERL_Stage_1_Framework_42/build/CMakeFiles/CMakeTmp'
Building CXX object CMakeFiles/cmTC_d3c09.dir/CheckFunctionExists.cxx.o
/usr/bin/c++   -g -march=armv8-a -mno-outline-atomics -DCHECK_FUNCTION_EXISTS=pthread_create -std=gnu++2a -o CMakeFiles/cmTC_d3c09.dir/CheckFunctionExists.cxx.o -c /home/ansorosa/Desktop/CODE_REPOSITORIO/ERL_Stage_1_Framework_42/build/CMakeFiles/CheckLibraryExists/CheckFunctionExists.cxx
Linking CXX executable cmTC_d3c09
/usr/local/bin/cmake -E cmake_link_script CMakeFiles/cmTC_d3c09.dir/link.txt --verbose=1
/usr/bin/c++  -g -march=armv8-a -mno-outline-atomics -DCHECK_FUNCTION_EXISTS=pthread_create CMakeFiles/cmTC_d3c09.dir/CheckFunctionExists.cxx.o -o cmTC_d3c09  -lpthreads 
/usr/bin/ld: cannot find -lpthreads
collect2: error: ld returned 1 exit status
CMakeFiles/cmTC_d3c09.dir/build.make:98: recipe for target 'cmTC_d3c09' failed
make[1]: *** [cmTC_d3c09] Error 1
make[1]: Leaving directory '/home/ansorosa/Desktop/CODE_REPOSITORIO/ERL_Stage_1_Framework_42/build/CMakeFiles/CMakeTmp'
Makefile:127: recipe for target 'cmTC_d3c09/fast' failed
make: *** [cmTC_d3c09/fast] Error 2



